[debug] [2022-12-09T16:17:52.299Z] ----------------------------------------------------------------------
[debug] [2022-12-09T16:17:52.300Z] Command:       /Users/david/.nvm/versions/node/v14.18.3/bin/node /Users/david/.nvm/versions/node/v14.18.3/bin/firebase emulators:start --project demo-dataset-builder --only functions,firestore
[debug] [2022-12-09T16:17:52.301Z] CLI Version:   11.3.0
[debug] [2022-12-09T16:17:52.301Z] Platform:      darwin
[debug] [2022-12-09T16:17:52.301Z] Node Version:  v14.18.3
[debug] [2022-12-09T16:17:52.301Z] Time:          Fri Dec 09 2022 17:17:52 GMT+0100 (Central European Standard Time)
[debug] [2022-12-09T16:17:52.301Z] ----------------------------------------------------------------------
[debug] 
[debug] [2022-12-09T16:17:52.332Z] > command requires scopes: ["email","openid","https://www.googleapis.com/auth/cloudplatformprojects.readonly","https://www.googleapis.com/auth/firebase","https://www.googleapis.com/auth/cloud-platform"]
[debug] [2022-12-09T16:17:52.332Z] > authorizing via signed-in user (runnedrun@gmail.com)
[debug] [2022-12-09T16:17:52.373Z] java version "17.0.1" 2021-10-19 LTS
Java(TM) SE Runtime Environment (build 17.0.1+12-LTS-39)

[debug] [2022-12-09T16:17:52.373Z] Java HotSpot(TM) 64-Bit Server VM (build 17.0.1+12-LTS-39, mixed mode, sharing)

[debug] [2022-12-09T16:17:52.376Z] Parsed Java major version: 17
[info] i  emulators: Starting emulators: functions, firestore {"metadata":{"emulator":{"name":"hub"},"message":"Starting emulators: functions, firestore"}}
[info] i  emulators: Detected demo project ID "demo-dataset-builder", emulated services will use a demo configuration and attempts to access non-emulated services for this project will fail. {"metadata":{"emulator":{"name":"hub"},"message":"Detected demo project ID \"demo-dataset-builder\", emulated services will use a demo configuration and attempts to access non-emulated services for this project will fail."}}
[warn] ⚠  hub: emulator hub unable to start on port 4400, starting on 4401 instead. {"metadata":{"emulator":{"name":"hub"},"message":"emulator hub unable to start on port 4400, starting on 4401 instead."}}
[debug] [2022-12-09T16:17:52.387Z] [hub] writing locator at /var/folders/nz/qckr041n0yzggr91ms7hmpwh0000gn/T/hub-demo-dataset-builder.json
[info] ✔  functions: Using node@14 from host. {"metadata":{"emulator":{"name":"functions"},"message":"Using node@14 from host."}}
[debug] [2022-12-09T16:17:52.393Z] defaultcredentials: writing to file /Users/david/.config/firebase/runnedrun_gmail_com_application_default_credentials.json
[debug] [2022-12-09T16:17:52.394Z] Setting GAC to /Users/david/.config/firebase/runnedrun_gmail_com_application_default_credentials.json {"metadata":{"emulator":{"name":"functions"},"message":"Setting GAC to /Users/david/.config/firebase/runnedrun_gmail_com_application_default_credentials.json"}}
[debug] [2022-12-09T16:17:52.664Z] Ignoring unsupported arg: projectId {"metadata":{"emulator":{"name":"firestore"},"message":"Ignoring unsupported arg: projectId"}}
[debug] [2022-12-09T16:17:52.664Z] Ignoring unsupported arg: auto_download {"metadata":{"emulator":{"name":"firestore"},"message":"Ignoring unsupported arg: auto_download"}}
[debug] [2022-12-09T16:17:52.664Z] Starting Firestore Emulator with command {"binary":"java","args":["-Dgoogle.cloud_firestore.debug_log_level=FINE","-Duser.language=en","-jar","/Users/david/.cache/firebase/emulators/cloud-firestore-emulator-v1.14.4.jar","--host","localhost","--port",8070,"--rules","/Users/david/theme_gen/firestore.rules","--functions_emulator","localhost:5011"],"optionalArgs":["port","webchannel_port","host","rules","functions_emulator","seed_from_export"],"joinArgs":false} {"metadata":{"emulator":{"name":"firestore"},"message":"Starting Firestore Emulator with command {\"binary\":\"java\",\"args\":[\"-Dgoogle.cloud_firestore.debug_log_level=FINE\",\"-Duser.language=en\",\"-jar\",\"/Users/david/.cache/firebase/emulators/cloud-firestore-emulator-v1.14.4.jar\",\"--host\",\"localhost\",\"--port\",8070,\"--rules\",\"/Users/david/theme_gen/firestore.rules\",\"--functions_emulator\",\"localhost:5011\"],\"optionalArgs\":[\"port\",\"webchannel_port\",\"host\",\"rules\",\"functions_emulator\",\"seed_from_export\"],\"joinArgs\":false}"}}
[info] i  firestore: Firestore Emulator logging to firestore-debug.log {"metadata":{"emulator":{"name":"firestore"},"message":"Firestore Emulator logging to \u001b[1mfirestore-debug.log\u001b[22m"}}
[debug] [2022-12-09T16:17:53.107Z] Dec 09, 2022 5:17:53 PM com.google.cloud.datastore.emulator.firestore.websocket.WebSocketServer start
INFO: Started WebSocket server on ws://localhost:65008
 {"metadata":{"emulator":{"name":"firestore"},"message":"Dec 09, 2022 5:17:53 PM com.google.cloud.datastore.emulator.firestore.websocket.WebSocketServer start\nINFO: Started WebSocket server on ws://localhost:65008\n"}}
[debug] [2022-12-09T16:17:53.116Z] API endpoint: http:// {"metadata":{"emulator":{"name":"firestore"},"message":"API endpoint: http://"}}
[debug] [2022-12-09T16:17:53.116Z] localhost:8070
If you are using a library that supports the FIRESTORE_EMULATOR_HOST environment variable, run:

   export FIRESTORE_EMULATOR_HOST=localhost:8070

Dev App Server is now running.

 {"metadata":{"emulator":{"name":"firestore"},"message":"localhost:8070\nIf you are using a library that supports the FIRESTORE_EMULATOR_HOST environment variable, run:\n\n   export FIRESTORE_EMULATOR_HOST=localhost:8070\n\nDev App Server is now running.\n\n"}}
[warn] ⚠  logging: Logging Emulator unable to start on port 4500, starting on 4501 instead. {"metadata":{"emulator":{"name":"logging"},"message":"Logging Emulator unable to start on port 4500, starting on 4501 instead."}}
[warn] ⚠  ui: Emulator UI unable to start on port 4000, starting on 4001 instead. {"metadata":{"emulator":{"name":"ui"},"message":"Emulator UI unable to start on port 4000, starting on 4001 instead."}}
[debug] [2022-12-09T16:17:53.188Z] Ignoring unsupported arg: auto_download {"metadata":{"emulator":{"name":"ui"},"message":"Ignoring unsupported arg: auto_download"}}
[debug] [2022-12-09T16:17:53.188Z] Ignoring unsupported arg: port {"metadata":{"emulator":{"name":"ui"},"message":"Ignoring unsupported arg: port"}}
[debug] [2022-12-09T16:17:53.188Z] Starting Emulator UI with command {"binary":"node","args":["/Users/david/.cache/firebase/emulators/ui-v1.8.1/server/server.js"],"optionalArgs":[],"joinArgs":false} {"metadata":{"emulator":{"name":"ui"},"message":"Starting Emulator UI with command {\"binary\":\"node\",\"args\":[\"/Users/david/.cache/firebase/emulators/ui-v1.8.1/server/server.js\"],\"optionalArgs\":[],\"joinArgs\":false}"}}
[info] i  ui: Emulator UI logging to ui-debug.log {"metadata":{"emulator":{"name":"ui"},"message":"Emulator UI logging to \u001b[1mui-debug.log\u001b[22m"}}
[debug] [2022-12-09T16:17:53.263Z] Web / API server started at localhost:4001
 {"metadata":{"emulator":{"name":"ui"},"message":"Web / API server started at localhost:4001\n"}}
[info] i  functions: Watching "/Users/david/theme_gen" for Cloud Functions... {"metadata":{"emulator":{"name":"functions"},"message":"Watching \"/Users/david/theme_gen\" for Cloud Functions..."}}
[debug] [2022-12-09T16:17:53.451Z] Validating nodejs source
[warn] ⚠  functions: package.json indicates an outdated version of firebase-functions. Please upgrade using npm install --save firebase-functions@latest in your functions directory. 
[warn] ⚠  functions: Please note that there will be breaking changes when you upgrade. 
[debug] [2022-12-09T16:17:54.317Z] > [functions] package.json contents: {
  "name": "ssr",
  "version": "5.0.0",
  "private": true,
  "browserslist": [
    ">0.25%",
    "not dead"
  ],
  "engines": {
    "node": "14"
  },
  "main": "dist/index.js",
  "dependencies": {
    "@babel/core": "latest",
    "@babel/node": "latest",
    "@babel/plugin-proposal-class-properties": "latest",
    "@babel/preset-env": "latest",
    "@babel/preset-react": "latest",
    "@babel/preset-typescript": "^7.18.6",
    "@emotion/cache": "latest",
    "@emotion/react": "latest",
    "@emotion/server": "latest",
    "@emotion/styled": "latest",
    "@mui/material": "latest",
    "babel-loader": "latest",
    "cross-env": "latest",
    "express": "latest",
    "firebase": "^9.1.2",
    "firebase-admin": "^10.0.0",
    "firebase-functions": "^3.21.2",
    "nodemon": "latest",
    "npm-run-all": "latest",
    "puppeteer": "18.2.1",
    "react": "latest",
    "react-dom": "latest",
    "ts-loader": "latest",
    "typescript": "latest",
    "webpack": "latest",
    "webpack-cli": "latest",
    "webpack-node-externals": "^3.0.0"
  },
  "scripts": {
    "start": "nodemon --ignore ./build --exec babel-node -- ./functions/src/index.ts",
    "build-functions": "webpack --watch",
    "emulate": "firebase emulators:start --project demo-dataset-builder"
  },
  "devDependencies": {
    "@types/react-dom": "^18.0.9"
  }
}
[debug] [2022-12-09T16:17:54.317Z] Building nodejs source
[debug] [2022-12-09T16:17:54.317Z] Analyzing nodejs backend spec
[debug] [2022-12-09T16:17:54.319Z] Could not find functions.yaml. Must use http discovery
[debug] [2022-12-09T16:17:54.411Z] Serving at port 9005

[debug] [2022-12-09T16:17:54.643Z] Got response from /__/functions.yaml {"endpoints":{"runThemeGenHtmlImageJob":{"platform":"gcfv1","eventTrigger":{"eventType":"providers/cloud.firestore/eventTypes/document.create","eventFilters":{"resource":"projects/demo-dataset-builder/databases/(default)/documents/themeGenImageJobs/{docId}"},"retry":false},"labels":{},"entryPoint":"runThemeGenHtmlImageJob"},"testThemeGenEndpoint":{"platform":"gcfv1","httpsTrigger":{},"entryPoint":"testThemeGenEndpoint"}},"specVersion":"v1alpha1","requiredAPIs":[]}
[debug] [2022-12-09T16:17:54.646Z] shutdown requested via /__/quitquitquit

[debug] [2022-12-09T16:17:54.649Z] addFirestoreTrigger "{\"eventTrigger\":{\"eventType\":\"providers/cloud.firestore/eventTypes/document.create\",\"resource\":\"projects/demo-dataset-builder/databases/(default)/documents/themeGenImageJobs/{docId}\",\"service\":\"firestore.googleapis.com\"}}"
[debug] [2022-12-09T16:17:54.650Z] >>> [apiv2][query] PUT http://localhost:8070/emulator/v1/projects/demo-dataset-builder/triggers/us-central1-runThemeGenHtmlImageJob-0 [none]
[debug] [2022-12-09T16:17:54.650Z] >>> [apiv2][body] PUT http://localhost:8070/emulator/v1/projects/demo-dataset-builder/triggers/us-central1-runThemeGenHtmlImageJob-0 "{\"eventTrigger\":{\"eventType\":\"providers/cloud.firestore/eventTypes/document.create\",\"resource\":\"projects/demo-dataset-builder/databases/(default)/documents/themeGenImageJobs/{docId}\",\"service\":\"firestore.googleapis.com\"}}"
[debug] [2022-12-09T16:17:54.655Z] Dec 09, 2022 5:17:54 PM io.gapi.emulators.netty.HttpVersionRoutingHandler channelRead
INFO: Detected non-HTTP/2 connection.
 {"metadata":{"emulator":{"name":"firestore"},"message":"Dec 09, 2022 5:17:54 PM io.gapi.emulators.netty.HttpVersionRoutingHandler channelRead\nINFO: Detected non-HTTP/2 connection.\n"}}
[debug] [2022-12-09T16:17:54.729Z] Dec 09, 2022 5:17:54 PM io.gapi.emulators.netty.HttpVersionRoutingHandler channelRead
INFO: Detected HTTP/2 connection.
 {"metadata":{"emulator":{"name":"firestore"},"message":"Dec 09, 2022 5:17:54 PM io.gapi.emulators.netty.HttpVersionRoutingHandler channelRead\nINFO: Detected HTTP/2 connection.\n"}}
[debug] [2022-12-09T16:17:54.963Z] <<< [apiv2][status] PUT http://localhost:8070/emulator/v1/projects/demo-dataset-builder/triggers/us-central1-runThemeGenHtmlImageJob-0 200
[debug] [2022-12-09T16:17:54.963Z] <<< [apiv2][body] PUT http://localhost:8070/emulator/v1/projects/demo-dataset-builder/triggers/us-central1-runThemeGenHtmlImageJob-0 {}
[info] ✔  functions[us-central1-runThemeGenHtmlImageJob]: firestore function initialized. {"metadata":{"emulator":{"name":"functions"},"message":"\u001b[1mfirestore\u001b[22m function initialized."}}
[info] ✔  functions[us-central1-testThemeGenEndpoint]: http function initialized (http://localhost:5011/demo-dataset-builder/us-central1/testThemeGenEndpoint). {"metadata":{"emulator":{"name":"functions"},"message":"\u001b[1mhttp\u001b[22m function initialized (http://localhost:5011/demo-dataset-builder/us-central1/testThemeGenEndpoint)."}}
[info] 
┌─────────────────────────────────────────────────────────────┐
│ ✔  All emulators ready! It is now safe to connect your app. │
│ i  View Emulator UI at http://localhost:4001                │
└─────────────────────────────────────────────────────────────┘

┌───────────┬────────────────┬─────────────────────────────────┐
│ Emulator  │ Host:Port      │ View in Emulator UI             │
├───────────┼────────────────┼─────────────────────────────────┤
│ Functions │ localhost:5011 │ http://localhost:4001/functions │
├───────────┼────────────────┼─────────────────────────────────┤
│ Firestore │ localhost:8070 │ http://localhost:4001/firestore │
└───────────┴────────────────┴─────────────────────────────────┘
  Emulator Hub running at localhost:4401
  Other reserved ports: 4501

Issues? Report them at https://github.com/firebase/firebase-tools/issues and attach the *-debug.log files.
 
[debug] [2022-12-09T16:18:08.340Z] [work-queue] {"queueLength":1,"workRunningCount":0}
[debug] [2022-12-09T16:18:08.345Z] [work-queue] {"queueLength":0,"workRunningCount":1}
[debug] [2022-12-09T16:18:08.346Z] Accepted request GET /demo-dataset-builder/us-central1/testThemeGenEndpoint --> us-central1-testThemeGenEndpoint
[debug] [2022-12-09T16:18:08.360Z] [worker-pool] addWorker(us-central1-testThemeGenEndpoint) {"metadata":{"emulator":{"name":"functions"},"message":"[worker-pool] addWorker(us-central1-testThemeGenEndpoint)"}}
[debug] [2022-12-09T16:18:08.360Z] [worker-pool] Adding worker with key us-central1-testThemeGenEndpoint, total=1 {"metadata":{"emulator":{"name":"functions"},"message":"[worker-pool] Adding worker with key us-central1-testThemeGenEndpoint, total=1"}}
[debug] [2022-12-09T16:18:08.360Z] [worker-pool] submitWork(triggerId=us-central1-testThemeGenEndpoint) {"metadata":{"emulator":{"name":"functions"},"message":"[worker-pool] submitWork(triggerId=us-central1-testThemeGenEndpoint)"}}
[debug] [2022-12-09T16:18:08.360Z] [worker-us-central1-testThemeGenEndpoint-95bcb3ad-46bd-4764-a6c3-3f953ebccda7]: BUSY {"metadata":{"emulator":{"name":"functions"},"message":"[worker-us-central1-testThemeGenEndpoint-95bcb3ad-46bd-4764-a6c3-3f953ebccda7]: BUSY"}}
[debug] [2022-12-09T16:18:08.927Z] [runtime-status] [85710] Resolved module firebase-admin {"declared":true,"installed":true,"version":"10.3.0","resolution":"/Users/david/theme_gen/node_modules/firebase-admin/lib/index.js"} {"metadata":{"emulator":{"name":"functions"},"function":{"name":"us-central1-testThemeGenEndpoint"},"extension":{},"message":"[runtime-status] [85710] Resolved module firebase-admin {\"declared\":true,\"installed\":true,\"version\":\"10.3.0\",\"resolution\":\"/Users/david/theme_gen/node_modules/firebase-admin/lib/index.js\"}"}}
[debug] [2022-12-09T16:18:08.927Z] [runtime-status] [85710] Resolved module firebase-functions {"declared":true,"installed":true,"version":"3.24.1","resolution":"/Users/david/theme_gen/node_modules/firebase-functions/lib/index.js"} {"metadata":{"emulator":{"name":"functions"},"function":{"name":"us-central1-testThemeGenEndpoint"},"extension":{},"message":"[runtime-status] [85710] Resolved module firebase-functions {\"declared\":true,\"installed\":true,\"version\":\"3.24.1\",\"resolution\":\"/Users/david/theme_gen/node_modules/firebase-functions/lib/index.js\"}"}}
[debug] [2022-12-09T16:18:08.927Z] [runtime-status] [85710] Outgoing network have been stubbed. [{"name":"http","status":"mocked"},{"name":"http","status":"mocked"},{"name":"https","status":"mocked"},{"name":"https","status":"mocked"},{"name":"net","status":"mocked"}] {"metadata":{"emulator":{"name":"functions"},"function":{"name":"us-central1-testThemeGenEndpoint"},"extension":{},"message":"[runtime-status] [85710] Outgoing network have been stubbed. [{\"name\":\"http\",\"status\":\"mocked\"},{\"name\":\"http\",\"status\":\"mocked\"},{\"name\":\"https\",\"status\":\"mocked\"},{\"name\":\"https\",\"status\":\"mocked\"},{\"name\":\"net\",\"status\":\"mocked\"}]"}}
[debug] [2022-12-09T16:18:08.928Z] [runtime-status] [85710] Resolved module firebase-functions {"declared":true,"installed":true,"version":"3.24.1","resolution":"/Users/david/theme_gen/node_modules/firebase-functions/lib/index.js"} {"metadata":{"emulator":{"name":"functions"},"function":{"name":"us-central1-testThemeGenEndpoint"},"extension":{},"message":"[runtime-status] [85710] Resolved module firebase-functions {\"declared\":true,\"installed\":true,\"version\":\"3.24.1\",\"resolution\":\"/Users/david/theme_gen/node_modules/firebase-functions/lib/index.js\"}"}}
[debug] [2022-12-09T16:18:08.946Z] [runtime-status] [85710] Checked functions.config() {"config":{}} {"metadata":{"emulator":{"name":"functions"},"function":{"name":"us-central1-testThemeGenEndpoint"},"extension":{},"message":"[runtime-status] [85710] Checked functions.config() {\"config\":{}}"}}
[debug] [2022-12-09T16:18:08.946Z] [runtime-status] [85710] firebase-functions has been stubbed. {"functionsResolution":{"declared":true,"installed":true,"version":"3.24.1","resolution":"/Users/david/theme_gen/node_modules/firebase-functions/lib/index.js"}} {"metadata":{"emulator":{"name":"functions"},"function":{"name":"us-central1-testThemeGenEndpoint"},"extension":{},"message":"[runtime-status] [85710] firebase-functions has been stubbed. {\"functionsResolution\":{\"declared\":true,\"installed\":true,\"version\":\"3.24.1\",\"resolution\":\"/Users/david/theme_gen/node_modules/firebase-functions/lib/index.js\"}}"}}
[debug] [2022-12-09T16:18:08.946Z] [runtime-status] [85710] Resolved module firebase-functions {"declared":true,"installed":true,"version":"3.24.1","resolution":"/Users/david/theme_gen/node_modules/firebase-functions/lib/index.js"} {"metadata":{"emulator":{"name":"functions"},"function":{"name":"us-central1-testThemeGenEndpoint"},"extension":{},"message":"[runtime-status] [85710] Resolved module firebase-functions {\"declared\":true,\"installed\":true,\"version\":\"3.24.1\",\"resolution\":\"/Users/david/theme_gen/node_modules/firebase-functions/lib/index.js\"}"}}
[debug] [2022-12-09T16:18:08.946Z] [runtime-status] [85710] Resolved module firebase-admin {"declared":true,"installed":true,"version":"10.3.0","resolution":"/Users/david/theme_gen/node_modules/firebase-admin/lib/index.js"} {"metadata":{"emulator":{"name":"functions"},"function":{"name":"us-central1-testThemeGenEndpoint"},"extension":{},"message":"[runtime-status] [85710] Resolved module firebase-admin {\"declared\":true,\"installed\":true,\"version\":\"10.3.0\",\"resolution\":\"/Users/david/theme_gen/node_modules/firebase-admin/lib/index.js\"}"}}
[debug] [2022-12-09T16:18:08.947Z] [runtime-status] [85710] Resolved module firebase-functions {"declared":true,"installed":true,"version":"3.24.1","resolution":"/Users/david/theme_gen/node_modules/firebase-functions/lib/index.js"} {"metadata":{"emulator":{"name":"functions"},"function":{"name":"us-central1-testThemeGenEndpoint"},"extension":{},"message":"[runtime-status] [85710] Resolved module firebase-functions {\"declared\":true,\"installed\":true,\"version\":\"3.24.1\",\"resolution\":\"/Users/david/theme_gen/node_modules/firebase-functions/lib/index.js\"}"}}
[debug] [2022-12-09T16:18:08.947Z] [runtime-status] [85710] firebase-admin has been stubbed. {"adminResolution":{"declared":true,"installed":true,"version":"10.3.0","resolution":"/Users/david/theme_gen/node_modules/firebase-admin/lib/index.js"}} {"metadata":{"emulator":{"name":"functions"},"function":{"name":"us-central1-testThemeGenEndpoint"},"extension":{},"message":"[runtime-status] [85710] firebase-admin has been stubbed. {\"adminResolution\":{\"declared\":true,\"installed\":true,\"version\":\"10.3.0\",\"resolution\":\"/Users/david/theme_gen/node_modules/firebase-admin/lib/index.js\"}}"}}
[debug] [2022-12-09T16:18:08.947Z] [runtime-status] [85710] Functions runtime initialized. {"cwd":"/Users/david/theme_gen","node_version":"14.18.3"} {"metadata":{"emulator":{"name":"functions"},"function":{"name":"us-central1-testThemeGenEndpoint"},"extension":{},"message":"[runtime-status] [85710] Functions runtime initialized. {\"cwd\":\"/Users/david/theme_gen\",\"node_version\":\"14.18.3\"}"}}
[debug] [2022-12-09T16:18:09.158Z] [runtime-status] [85710] Beginning invocation function testThemeGenEndpoint! {"metadata":{"emulator":{"name":"functions"},"function":{"name":"us-central1-testThemeGenEndpoint"},"extension":{},"message":"[runtime-status] [85710] Beginning invocation function testThemeGenEndpoint!"}}
[info] i  functions: Beginning execution of "testThemeGenEndpoint" {"metadata":{"emulator":{"name":"functions"},"function":{"name":"us-central1-testThemeGenEndpoint"},"extension":{},"message":"Beginning execution of \"testThemeGenEndpoint\""}}
[debug] [2022-12-09T16:18:09.159Z] [runtime-status] [85710] Running testThemeGenEndpoint in signature http {"metadata":{"emulator":{"name":"functions"},"function":{"name":"us-central1-testThemeGenEndpoint"},"extension":{},"message":"[runtime-status] [85710] Running testThemeGenEndpoint in signature http"}}
[debug] [2022-12-09T16:18:09.160Z] [runtime-status] [85710] Attempting to listen to port: /var/folders/nz/qckr041n0yzggr91ms7hmpwh0000gn/T/fire_emu_24d077322a4f7e4c.sock {"metadata":{"emulator":{"name":"functions"},"function":{"name":"us-central1-testThemeGenEndpoint"},"extension":{},"message":"[runtime-status] [85710] Attempting to listen to port: /var/folders/nz/qckr041n0yzggr91ms7hmpwh0000gn/T/fire_emu_24d077322a4f7e4c.sock"}}
[debug] [2022-12-09T16:18:09.174Z] [functions] Runtime ready! Sending request! {"metadata":{"emulator":{"name":"functions"},"message":"[functions] Runtime ready! Sending request!"}}
[debug] [2022-12-09T16:18:09.174Z] [functions] Got req.url=/demo-dataset-builder/us-central1/testThemeGenEndpoint, mapping to path=/ {"metadata":{"emulator":{"name":"functions"},"message":"[functions] Got req.url=/demo-dataset-builder/us-central1/testThemeGenEndpoint, mapping to path=/"}}
[debug] [2022-12-09T16:18:09.175Z] [runtime-status] [85710] Ephemeral server handling GET request {"metadata":{"emulator":{"name":"functions"},"function":{"name":"us-central1-testThemeGenEndpoint"},"extension":{},"message":"[runtime-status] [85710] Ephemeral server handling GET request"}}
[debug] [2022-12-09T16:18:09.176Z] [runtime-status] [85710] Ephemeral server survived. {"metadata":{"emulator":{"name":"functions"},"function":{"name":"us-central1-testThemeGenEndpoint"},"extension":{},"message":"[runtime-status] [85710] Ephemeral server survived."}}
[warn] ⚠  functions: Error: The default Firebase app does not exist. Make sure you call initializeApp() before using any of the Firebase services.
    at FirebaseAppError.FirebaseError [as constructor] (/Users/david/theme_gen/node_modules/firebase-admin/lib/utils/error.js:44:28)
    at FirebaseAppError.PrefixedFirebaseError [as constructor] (/Users/david/theme_gen/node_modules/firebase-admin/lib/utils/error.js:90:28)
    at new FirebaseAppError (/Users/david/theme_gen/node_modules/firebase-admin/lib/utils/error.js:125:28)
    at AppStore.getApp (/Users/david/theme_gen/node_modules/firebase-admin/lib/app/lifecycle.js:67:19)
    at Object.getApp (/Users/david/theme_gen/node_modules/firebase-admin/lib/app/lifecycle.js:112:36)
    at getFirestore (/Users/david/theme_gen/node_modules/firebase-admin/lib/firestore/index.js:73:21)
    at _callee$ (webpack://ssr/./functions/src/testThemeGenEndpoint.ts?:32:95)
    at tryCatch (webpack://ssr/./functions/src/testThemeGenEndpoint.ts?:13:1357)
    at Generator.eval (webpack://ssr/./functions/src/testThemeGenEndpoint.ts?:13:4174)
    at Generator.eval [as next] (webpack://ssr/./functions/src/testThemeGenEndpoint.ts?:13:2208) {"metadata":{"emulator":{"name":"functions"},"function":{"name":"us-central1-testThemeGenEndpoint"},"extension":{},"message":"Error: The default Firebase app does not exist. Make sure you call initializeApp() before using any of the Firebase services.\n    at FirebaseAppError.FirebaseError [as constructor] (/Users/david/theme_gen/node_modules/firebase-admin/lib/utils/error.js:44:28)\n    at FirebaseAppError.PrefixedFirebaseError [as constructor] (/Users/david/theme_gen/node_modules/firebase-admin/lib/utils/error.js:90:28)\n    at new FirebaseAppError (/Users/david/theme_gen/node_modules/firebase-admin/lib/utils/error.js:125:28)\n    at AppStore.getApp (/Users/david/theme_gen/node_modules/firebase-admin/lib/app/lifecycle.js:67:19)\n    at Object.getApp (/Users/david/theme_gen/node_modules/firebase-admin/lib/app/lifecycle.js:112:36)\n    at getFirestore (/Users/david/theme_gen/node_modules/firebase-admin/lib/firestore/index.js:73:21)\n    at _callee$ (webpack://ssr/./functions/src/testThemeGenEndpoint.ts?:32:95)\n    at tryCatch (webpack://ssr/./functions/src/testThemeGenEndpoint.ts?:13:1357)\n    at Generator.eval (webpack://ssr/./functions/src/testThemeGenEndpoint.ts?:13:4174)\n    at Generator.eval [as next] (webpack://ssr/./functions/src/testThemeGenEndpoint.ts?:13:2208)"}}
[warn] ⚠  Your function was killed because it raised an unhandled error. {"metadata":{"emulator":{"name":"functions"},"function":{"name":"us-central1-testThemeGenEndpoint"},"extension":{},"message":"Your function was killed because it raised an unhandled error."}}
[debug] [2022-12-09T16:18:09.180Z] [worker-us-central1-testThemeGenEndpoint-95bcb3ad-46bd-4764-a6c3-3f953ebccda7]: exited {"metadata":{"emulator":{"name":"functions"},"message":"[worker-us-central1-testThemeGenEndpoint-95bcb3ad-46bd-4764-a6c3-3f953ebccda7]: exited"}}
[debug] [2022-12-09T16:18:09.180Z] [worker-us-central1-testThemeGenEndpoint-95bcb3ad-46bd-4764-a6c3-3f953ebccda7]: FINISHED {"metadata":{"emulator":{"name":"functions"},"message":"[worker-us-central1-testThemeGenEndpoint-95bcb3ad-46bd-4764-a6c3-3f953ebccda7]: FINISHED"}}
[debug] [2022-12-09T16:18:09.180Z] [work-queue] {"queueLength":0,"workRunningCount":0}
[debug] [2022-12-09T16:18:28.720Z] File /Users/david/theme_gen/dist/index.js changed, reloading triggers {"metadata":{"emulator":{"name":"functions"},"message":"File /Users/david/theme_gen/dist/index.js changed, reloading triggers"}}
[debug] [2022-12-09T16:18:29.723Z] Validating nodejs source
[warn] ⚠  functions: package.json indicates an outdated version of firebase-functions. Please upgrade using npm install --save firebase-functions@latest in your functions directory. 
[warn] ⚠  functions: Please note that there will be breaking changes when you upgrade. 
[debug] [2022-12-09T16:18:30.627Z] > [functions] package.json contents: {
  "name": "ssr",
  "version": "5.0.0",
  "private": true,
  "browserslist": [
    ">0.25%",
    "not dead"
  ],
  "engines": {
    "node": "14"
  },
  "main": "dist/index.js",
  "dependencies": {
    "@babel/core": "latest",
    "@babel/node": "latest",
    "@babel/plugin-proposal-class-properties": "latest",
    "@babel/preset-env": "latest",
    "@babel/preset-react": "latest",
    "@babel/preset-typescript": "^7.18.6",
    "@emotion/cache": "latest",
    "@emotion/react": "latest",
    "@emotion/server": "latest",
    "@emotion/styled": "latest",
    "@mui/material": "latest",
    "babel-loader": "latest",
    "cross-env": "latest",
    "express": "latest",
    "firebase": "^9.1.2",
    "firebase-admin": "^10.0.0",
    "firebase-functions": "^3.21.2",
    "nodemon": "latest",
    "npm-run-all": "latest",
    "puppeteer": "18.2.1",
    "react": "latest",
    "react-dom": "latest",
    "ts-loader": "latest",
    "typescript": "latest",
    "webpack": "latest",
    "webpack-cli": "latest",
    "webpack-node-externals": "^3.0.0"
  },
  "scripts": {
    "start": "nodemon --ignore ./build --exec babel-node -- ./functions/src/index.ts",
    "build-functions": "webpack --watch",
    "emulate": "firebase emulators:start --project demo-dataset-builder"
  },
  "devDependencies": {
    "@types/react-dom": "^18.0.9"
  }
}
[debug] [2022-12-09T16:18:30.628Z] Building nodejs source
[debug] [2022-12-09T16:18:30.628Z] Analyzing nodejs backend spec
[debug] [2022-12-09T16:18:30.628Z] Could not find functions.yaml. Must use http discovery
[debug] [2022-12-09T16:18:30.719Z] Serving at port 9005

[debug] [2022-12-09T16:18:30.960Z] Got response from /__/functions.yaml {"endpoints":{"runThemeGenHtmlImageJob":{"platform":"gcfv1","eventTrigger":{"eventType":"providers/cloud.firestore/eventTypes/document.create","eventFilters":{"resource":"projects/demo-dataset-builder/databases/(default)/documents/themeGenImageJobs/{docId}"},"retry":false},"labels":{},"entryPoint":"runThemeGenHtmlImageJob"},"testThemeGenEndpoint":{"platform":"gcfv1","httpsTrigger":{},"entryPoint":"testThemeGenEndpoint"}},"specVersion":"v1alpha1","requiredAPIs":[]}
[debug] [2022-12-09T16:18:30.962Z] shutdown requested via /__/quitquitquit

[debug] [2022-12-09T16:18:31.579Z] [work-queue] {"queueLength":1,"workRunningCount":0}
[debug] [2022-12-09T16:18:31.579Z] [work-queue] {"queueLength":0,"workRunningCount":1}
[debug] [2022-12-09T16:18:31.579Z] Accepted request GET /demo-dataset-builder/us-central1/testThemeGenEndpoint --> us-central1-testThemeGenEndpoint
[debug] [2022-12-09T16:18:31.579Z] [worker-pool] Cleaned up workers for us-central1-testThemeGenEndpoint: 1 --> 0 {"metadata":{"emulator":{"name":"functions"},"message":"[worker-pool] Cleaned up workers for us-central1-testThemeGenEndpoint: 1 --> 0"}}
[debug] [2022-12-09T16:18:31.583Z] [worker-pool] addWorker(us-central1-testThemeGenEndpoint) {"metadata":{"emulator":{"name":"functions"},"message":"[worker-pool] addWorker(us-central1-testThemeGenEndpoint)"}}
[debug] [2022-12-09T16:18:31.583Z] [worker-pool] Adding worker with key us-central1-testThemeGenEndpoint, total=1 {"metadata":{"emulator":{"name":"functions"},"message":"[worker-pool] Adding worker with key us-central1-testThemeGenEndpoint, total=1"}}
[debug] [2022-12-09T16:18:31.583Z] [worker-pool] submitWork(triggerId=us-central1-testThemeGenEndpoint) {"metadata":{"emulator":{"name":"functions"},"message":"[worker-pool] submitWork(triggerId=us-central1-testThemeGenEndpoint)"}}
[debug] [2022-12-09T16:18:31.583Z] [worker-us-central1-testThemeGenEndpoint-bf3795d5-4e79-4738-806b-47d3bf000990]: BUSY {"metadata":{"emulator":{"name":"functions"},"message":"[worker-us-central1-testThemeGenEndpoint-bf3795d5-4e79-4738-806b-47d3bf000990]: BUSY"}}
[debug] [2022-12-09T16:18:32.168Z] [runtime-status] [85737] Resolved module firebase-admin {"declared":true,"installed":true,"version":"10.3.0","resolution":"/Users/david/theme_gen/node_modules/firebase-admin/lib/index.js"} {"metadata":{"emulator":{"name":"functions"},"function":{"name":"us-central1-testThemeGenEndpoint"},"extension":{},"message":"[runtime-status] [85737] Resolved module firebase-admin {\"declared\":true,\"installed\":true,\"version\":\"10.3.0\",\"resolution\":\"/Users/david/theme_gen/node_modules/firebase-admin/lib/index.js\"}"}}
[debug] [2022-12-09T16:18:32.169Z] [runtime-status] [85737] Resolved module firebase-functions {"declared":true,"installed":true,"version":"3.24.1","resolution":"/Users/david/theme_gen/node_modules/firebase-functions/lib/index.js"} {"metadata":{"emulator":{"name":"functions"},"function":{"name":"us-central1-testThemeGenEndpoint"},"extension":{},"message":"[runtime-status] [85737] Resolved module firebase-functions {\"declared\":true,\"installed\":true,\"version\":\"3.24.1\",\"resolution\":\"/Users/david/theme_gen/node_modules/firebase-functions/lib/index.js\"}"}}
[debug] [2022-12-09T16:18:32.169Z] [runtime-status] [85737] Outgoing network have been stubbed. [{"name":"http","status":"mocked"},{"name":"http","status":"mocked"},{"name":"https","status":"mocked"},{"name":"https","status":"mocked"},{"name":"net","status":"mocked"}] {"metadata":{"emulator":{"name":"functions"},"function":{"name":"us-central1-testThemeGenEndpoint"},"extension":{},"message":"[runtime-status] [85737] Outgoing network have been stubbed. [{\"name\":\"http\",\"status\":\"mocked\"},{\"name\":\"http\",\"status\":\"mocked\"},{\"name\":\"https\",\"status\":\"mocked\"},{\"name\":\"https\",\"status\":\"mocked\"},{\"name\":\"net\",\"status\":\"mocked\"}]"}}
[debug] [2022-12-09T16:18:32.169Z] [runtime-status] [85737] Resolved module firebase-functions {"declared":true,"installed":true,"version":"3.24.1","resolution":"/Users/david/theme_gen/node_modules/firebase-functions/lib/index.js"} {"metadata":{"emulator":{"name":"functions"},"function":{"name":"us-central1-testThemeGenEndpoint"},"extension":{},"message":"[runtime-status] [85737] Resolved module firebase-functions {\"declared\":true,\"installed\":true,\"version\":\"3.24.1\",\"resolution\":\"/Users/david/theme_gen/node_modules/firebase-functions/lib/index.js\"}"}}
[debug] [2022-12-09T16:18:32.182Z] [runtime-status] [85737] Checked functions.config() {"config":{}} {"metadata":{"emulator":{"name":"functions"},"function":{"name":"us-central1-testThemeGenEndpoint"},"extension":{},"message":"[runtime-status] [85737] Checked functions.config() {\"config\":{}}"}}
[debug] [2022-12-09T16:18:32.182Z] [runtime-status] [85737] firebase-functions has been stubbed. {"functionsResolution":{"declared":true,"installed":true,"version":"3.24.1","resolution":"/Users/david/theme_gen/node_modules/firebase-functions/lib/index.js"}} {"metadata":{"emulator":{"name":"functions"},"function":{"name":"us-central1-testThemeGenEndpoint"},"extension":{},"message":"[runtime-status] [85737] firebase-functions has been stubbed. {\"functionsResolution\":{\"declared\":true,\"installed\":true,\"version\":\"3.24.1\",\"resolution\":\"/Users/david/theme_gen/node_modules/firebase-functions/lib/index.js\"}}"}}
[debug] [2022-12-09T16:18:32.183Z] [runtime-status] [85737] Resolved module firebase-functions {"declared":true,"installed":true,"version":"3.24.1","resolution":"/Users/david/theme_gen/node_modules/firebase-functions/lib/index.js"} {"metadata":{"emulator":{"name":"functions"},"function":{"name":"us-central1-testThemeGenEndpoint"},"extension":{},"message":"[runtime-status] [85737] Resolved module firebase-functions {\"declared\":true,\"installed\":true,\"version\":\"3.24.1\",\"resolution\":\"/Users/david/theme_gen/node_modules/firebase-functions/lib/index.js\"}"}}
[debug] [2022-12-09T16:18:32.183Z] [runtime-status] [85737] Resolved module firebase-admin {"declared":true,"installed":true,"version":"10.3.0","resolution":"/Users/david/theme_gen/node_modules/firebase-admin/lib/index.js"} {"metadata":{"emulator":{"name":"functions"},"function":{"name":"us-central1-testThemeGenEndpoint"},"extension":{},"message":"[runtime-status] [85737] Resolved module firebase-admin {\"declared\":true,\"installed\":true,\"version\":\"10.3.0\",\"resolution\":\"/Users/david/theme_gen/node_modules/firebase-admin/lib/index.js\"}"}}
[debug] [2022-12-09T16:18:32.183Z] [runtime-status] [85737] Resolved module firebase-functions {"declared":true,"installed":true,"version":"3.24.1","resolution":"/Users/david/theme_gen/node_modules/firebase-functions/lib/index.js"} {"metadata":{"emulator":{"name":"functions"},"function":{"name":"us-central1-testThemeGenEndpoint"},"extension":{},"message":"[runtime-status] [85737] Resolved module firebase-functions {\"declared\":true,\"installed\":true,\"version\":\"3.24.1\",\"resolution\":\"/Users/david/theme_gen/node_modules/firebase-functions/lib/index.js\"}"}}
[debug] [2022-12-09T16:18:32.183Z] [runtime-status] [85737] firebase-admin has been stubbed. {"adminResolution":{"declared":true,"installed":true,"version":"10.3.0","resolution":"/Users/david/theme_gen/node_modules/firebase-admin/lib/index.js"}} {"metadata":{"emulator":{"name":"functions"},"function":{"name":"us-central1-testThemeGenEndpoint"},"extension":{},"message":"[runtime-status] [85737] firebase-admin has been stubbed. {\"adminResolution\":{\"declared\":true,\"installed\":true,\"version\":\"10.3.0\",\"resolution\":\"/Users/david/theme_gen/node_modules/firebase-admin/lib/index.js\"}}"}}
[debug] [2022-12-09T16:18:32.183Z] [runtime-status] [85737] Functions runtime initialized. {"cwd":"/Users/david/theme_gen","node_version":"14.18.3"} {"metadata":{"emulator":{"name":"functions"},"function":{"name":"us-central1-testThemeGenEndpoint"},"extension":{},"message":"[runtime-status] [85737] Functions runtime initialized. {\"cwd\":\"/Users/david/theme_gen\",\"node_version\":\"14.18.3\"}"}}
[debug] [2022-12-09T16:18:32.336Z] [runtime-status] [85737] Beginning invocation function testThemeGenEndpoint! {"metadata":{"emulator":{"name":"functions"},"function":{"name":"us-central1-testThemeGenEndpoint"},"extension":{},"message":"[runtime-status] [85737] Beginning invocation function testThemeGenEndpoint!"}}
[info] i  functions: Beginning execution of "testThemeGenEndpoint" {"metadata":{"emulator":{"name":"functions"},"function":{"name":"us-central1-testThemeGenEndpoint"},"extension":{},"message":"Beginning execution of \"testThemeGenEndpoint\""}}
[debug] [2022-12-09T16:18:32.337Z] [runtime-status] [85737] Running testThemeGenEndpoint in signature http {"metadata":{"emulator":{"name":"functions"},"function":{"name":"us-central1-testThemeGenEndpoint"},"extension":{},"message":"[runtime-status] [85737] Running testThemeGenEndpoint in signature http"}}
[debug] [2022-12-09T16:18:32.338Z] [runtime-status] [85737] Attempting to listen to port: /var/folders/nz/qckr041n0yzggr91ms7hmpwh0000gn/T/fire_emu_174379dc6e73ce46.sock {"metadata":{"emulator":{"name":"functions"},"function":{"name":"us-central1-testThemeGenEndpoint"},"extension":{},"message":"[runtime-status] [85737] Attempting to listen to port: /var/folders/nz/qckr041n0yzggr91ms7hmpwh0000gn/T/fire_emu_174379dc6e73ce46.sock"}}
[debug] [2022-12-09T16:18:32.398Z] [functions] Runtime ready! Sending request! {"metadata":{"emulator":{"name":"functions"},"message":"[functions] Runtime ready! Sending request!"}}
[debug] [2022-12-09T16:18:32.399Z] [functions] Got req.url=/demo-dataset-builder/us-central1/testThemeGenEndpoint, mapping to path=/ {"metadata":{"emulator":{"name":"functions"},"message":"[functions] Got req.url=/demo-dataset-builder/us-central1/testThemeGenEndpoint, mapping to path=/"}}
[debug] [2022-12-09T16:18:32.399Z] [runtime-status] [85737] Ephemeral server handling GET request {"metadata":{"emulator":{"name":"functions"},"function":{"name":"us-central1-testThemeGenEndpoint"},"extension":{},"message":"[runtime-status] [85737] Ephemeral server handling GET request"}}
[debug] [2022-12-09T16:18:36.046Z] [runtime-status] [85737] Ephemeral server survived. {"metadata":{"emulator":{"name":"functions"},"function":{"name":"us-central1-testThemeGenEndpoint"},"extension":{},"message":"[runtime-status] [85737] Ephemeral server survived."}}
[info] i  functions: Finished "testThemeGenEndpoint" in ~3s {"metadata":{"emulator":{"name":"functions"},"function":{"name":"us-central1-testThemeGenEndpoint"},"extension":{},"message":"Finished \"testThemeGenEndpoint\" in ~3s"}}
[debug] [2022-12-09T16:18:36.047Z] [worker-us-central1-testThemeGenEndpoint-bf3795d5-4e79-4738-806b-47d3bf000990]: IDLE {"metadata":{"emulator":{"name":"functions"},"message":"[worker-us-central1-testThemeGenEndpoint-bf3795d5-4e79-4738-806b-47d3bf000990]: IDLE"}}
[debug] [2022-12-09T16:18:36.047Z] [work-queue] {"queueLength":0,"workRunningCount":0}
[debug] [2022-12-09T16:20:13.861Z] File /Users/david/theme_gen/generateThemeGenHtml.tsx changed, reloading triggers {"metadata":{"emulator":{"name":"functions"},"message":"File /Users/david/theme_gen/generateThemeGenHtml.tsx changed, reloading triggers"}}
[debug] [2022-12-09T16:20:14.862Z] [worker-pool] Shutting down IDLE worker (us-central1-testThemeGenEndpoint) {"metadata":{"emulator":{"name":"functions"},"message":"[worker-pool] Shutting down IDLE worker (us-central1-testThemeGenEndpoint)"}}
[debug] [2022-12-09T16:20:14.862Z] [worker-us-central1-testThemeGenEndpoint-bf3795d5-4e79-4738-806b-47d3bf000990]: FINISHING {"metadata":{"emulator":{"name":"functions"},"message":"[worker-us-central1-testThemeGenEndpoint-bf3795d5-4e79-4738-806b-47d3bf000990]: FINISHING"}}
[debug] [2022-12-09T16:20:14.865Z] Validating nodejs source
[warn] ⚠  functions: package.json indicates an outdated version of firebase-functions. Please upgrade using npm install --save firebase-functions@latest in your functions directory. 
[warn] ⚠  functions: Please note that there will be breaking changes when you upgrade. 
[debug] [2022-12-09T16:20:15.722Z] > [functions] package.json contents: {
  "name": "ssr",
  "version": "5.0.0",
  "private": true,
  "browserslist": [
    ">0.25%",
    "not dead"
  ],
  "engines": {
    "node": "14"
  },
  "main": "dist/index.js",
  "dependencies": {
    "@babel/core": "latest",
    "@babel/node": "latest",
    "@babel/plugin-proposal-class-properties": "latest",
    "@babel/preset-env": "latest",
    "@babel/preset-react": "latest",
    "@babel/preset-typescript": "^7.18.6",
    "@emotion/cache": "latest",
    "@emotion/react": "latest",
    "@emotion/server": "latest",
    "@emotion/styled": "latest",
    "@mui/material": "latest",
    "babel-loader": "latest",
    "cross-env": "latest",
    "express": "latest",
    "firebase": "^9.1.2",
    "firebase-admin": "^10.0.0",
    "firebase-functions": "^3.21.2",
    "nodemon": "latest",
    "npm-run-all": "latest",
    "puppeteer": "18.2.1",
    "react": "latest",
    "react-dom": "latest",
    "ts-loader": "latest",
    "typescript": "latest",
    "webpack": "latest",
    "webpack-cli": "latest",
    "webpack-node-externals": "^3.0.0"
  },
  "scripts": {
    "start": "nodemon --ignore ./build --exec babel-node -- ./functions/src/index.ts",
    "build-functions": "webpack --watch",
    "emulate": "firebase emulators:start --project demo-dataset-builder"
  },
  "devDependencies": {
    "@types/react-dom": "^18.0.9"
  }
}
[debug] [2022-12-09T16:20:15.722Z] Building nodejs source
[debug] [2022-12-09T16:20:15.722Z] Analyzing nodejs backend spec
[debug] [2022-12-09T16:20:15.722Z] Could not find functions.yaml. Must use http discovery
[debug] [2022-12-09T16:20:15.816Z] Serving at port 9005

[debug] [2022-12-09T16:20:16.055Z] Got response from /__/functions.yaml {"endpoints":{"runThemeGenHtmlImageJob":{"platform":"gcfv1","eventTrigger":{"eventType":"providers/cloud.firestore/eventTypes/document.create","eventFilters":{"resource":"projects/demo-dataset-builder/databases/(default)/documents/themeGenImageJobs/{docId}"},"retry":false},"labels":{},"entryPoint":"runThemeGenHtmlImageJob"},"testThemeGenEndpoint":{"platform":"gcfv1","httpsTrigger":{},"entryPoint":"testThemeGenEndpoint"}},"specVersion":"v1alpha1","requiredAPIs":[]}
[debug] [2022-12-09T16:20:16.057Z] shutdown requested via /__/quitquitquit

